[2026-01-29T18:14:21.937+0000] {logging_mixin.py:188} INFO - Changing /opt/***/logs/dag_id=landing_to_trusted_events/run_id=manual__2026-01-29T18:14:19.951755+00:00/task_id=process_ingestion/map_index=0 permission to 509
[2026-01-29T18:14:21.938+0000] {logging_mixin.py:188} INFO - Failed to change /opt/***/logs/dag_id=landing_to_trusted_events/run_id=manual__2026-01-29T18:14:19.951755+00:00/task_id=process_ingestion/map_index=0 permission to 509: [Errno 1] Operation not permitted: '/opt/***/logs/dag_id=landing_to_trusted_events/run_id=manual__2026-01-29T18:14:19.951755+00:00/task_id=process_ingestion/map_index=0'
[2026-01-29T18:14:21.961+0000] {logging_mixin.py:188} INFO - Changing /opt/***/logs/dag_id=landing_to_trusted_events/run_id=manual__2026-01-29T18:14:19.951755+00:00/task_id=process_ingestion/map_index=0 permission to 509
[2026-01-29T18:14:21.962+0000] {logging_mixin.py:188} INFO - Failed to change /opt/***/logs/dag_id=landing_to_trusted_events/run_id=manual__2026-01-29T18:14:19.951755+00:00/task_id=process_ingestion/map_index=0 permission to 509: [Errno 1] Operation not permitted: '/opt/***/logs/dag_id=landing_to_trusted_events/run_id=manual__2026-01-29T18:14:19.951755+00:00/task_id=process_ingestion/map_index=0'
[2026-01-29T18:14:21.995+0000] {taskinstance.py:1956} INFO - Dependencies all met for dep_context=non-requeueable deps ti=<TaskInstance: landing_to_trusted_events.process_ingestion manual__2026-01-29T18:14:19.951755+00:00 map_index=0 [queued]>
[2026-01-29T18:14:22.003+0000] {taskinstance.py:1956} INFO - Dependencies all met for dep_context=requeueable deps ti=<TaskInstance: landing_to_trusted_events.process_ingestion manual__2026-01-29T18:14:19.951755+00:00 map_index=0 [queued]>
[2026-01-29T18:14:22.003+0000] {taskinstance.py:2170} INFO - Starting attempt 1 of 1
[2026-01-29T18:14:22.014+0000] {taskinstance.py:2191} INFO - Executing <Mapped(_PythonDecoratedOperator): process_ingestion> on 2026-01-29 18:14:19.951755+00:00
[2026-01-29T18:14:22.019+0000] {standard_task_runner.py:60} INFO - Started process 387 to run task
[2026-01-29T18:14:22.027+0000] {standard_task_runner.py:87} INFO - Running: ['***', 'tasks', 'run', 'landing_to_trusted_events', 'process_ingestion', 'manual__2026-01-29T18:14:19.951755+00:00', '--job-id', '47', '--raw', '--subdir', 'DAGS_FOLDER/trusted_events_to_minio.py', '--cfg-path', '/tmp/tmp7ap8ysbi', '--map-index', '0']
[2026-01-29T18:14:22.029+0000] {standard_task_runner.py:88} INFO - Job 47: Subtask process_ingestion
[2026-01-29T18:14:22.073+0000] {logging_mixin.py:188} INFO - Changing /opt/***/logs/dag_id=landing_to_trusted_events/run_id=manual__2026-01-29T18:14:19.951755+00:00/task_id=process_ingestion/map_index=0 permission to 509
[2026-01-29T18:14:22.074+0000] {logging_mixin.py:188} INFO - Failed to change /opt/***/logs/dag_id=landing_to_trusted_events/run_id=manual__2026-01-29T18:14:19.951755+00:00/task_id=process_ingestion/map_index=0 permission to 509: [Errno 1] Operation not permitted: '/opt/***/logs/dag_id=landing_to_trusted_events/run_id=manual__2026-01-29T18:14:19.951755+00:00/task_id=process_ingestion/map_index=0'
[2026-01-29T18:14:22.076+0000] {task_command.py:423} INFO - Running <TaskInstance: landing_to_trusted_events.process_ingestion manual__2026-01-29T18:14:19.951755+00:00 map_index=0 [running]> on host 6b868b37e684
[2026-01-29T18:14:22.169+0000] {taskinstance.py:2480} INFO - Exporting env vars: AIRFLOW_CTX_DAG_OWNER='***' AIRFLOW_CTX_DAG_ID='landing_to_trusted_events' AIRFLOW_CTX_TASK_ID='process_ingestion' AIRFLOW_CTX_EXECUTION_DATE='2026-01-29T18:14:19.951755+00:00' AIRFLOW_CTX_TRY_NUMBER='1' AIRFLOW_CTX_DAG_RUN_ID='manual__2026-01-29T18:14:19.951755+00:00'
[2026-01-29T18:14:22.476+0000] {taskinstance.py:2698} ERROR - Task failed with exception
Traceback (most recent call last):
  File "/home/airflow/.local/lib/python3.10/site-packages/airflow/models/taskinstance.py", line 433, in _execute_task
    result = execute_callable(context=context, **execute_callable_kwargs)
  File "/home/airflow/.local/lib/python3.10/site-packages/airflow/decorators/base.py", line 241, in execute
    return_value = super().execute(context)
  File "/home/airflow/.local/lib/python3.10/site-packages/airflow/operators/python.py", line 199, in execute
    return_value = self.execute_callable()
  File "/home/airflow/.local/lib/python3.10/site-packages/airflow/operators/python.py", line 216, in execute_callable
    return self.python_callable(*self.op_args, **self.op_kwargs)
  File "/opt/airflow/dags/trusted_events_to_minio.py", line 144, in process_ingestion
    os.remove(tmp_file)
FileNotFoundError: [Errno 2] No such file or directory: '/tmp/data.csv'
[2026-01-29T18:14:22.491+0000] {taskinstance.py:1138} INFO - Marking task as FAILED. dag_id=landing_to_trusted_events, task_id=process_ingestion, map_index=0, execution_date=20260129T181419, start_date=20260129T181421, end_date=20260129T181422
[2026-01-29T18:14:22.502+0000] {standard_task_runner.py:107} ERROR - Failed to execute job 47 for task process_ingestion ([Errno 2] No such file or directory: '/tmp/data.csv'; 387)
[2026-01-29T18:14:22.517+0000] {local_task_job_runner.py:234} INFO - Task exited with return code 1
[2026-01-29T18:14:22.536+0000] {taskinstance.py:3280} INFO - 0 downstream tasks scheduled from follow-on schedule check
