[2026-01-29T18:08:10.780+0000] {logging_mixin.py:188} INFO - Changing /opt/***/logs/dag_id=landing_to_trusted_events/run_id=manual__2026-01-29T18:08:08.923764+00:00/task_id=process_ingestion/map_index=1 permission to 509
[2026-01-29T18:08:10.780+0000] {logging_mixin.py:188} INFO - Failed to change /opt/***/logs/dag_id=landing_to_trusted_events/run_id=manual__2026-01-29T18:08:08.923764+00:00/task_id=process_ingestion/map_index=1 permission to 509: [Errno 1] Operation not permitted: '/opt/***/logs/dag_id=landing_to_trusted_events/run_id=manual__2026-01-29T18:08:08.923764+00:00/task_id=process_ingestion/map_index=1'
[2026-01-29T18:08:10.811+0000] {logging_mixin.py:188} INFO - Changing /opt/***/logs/dag_id=landing_to_trusted_events/run_id=manual__2026-01-29T18:08:08.923764+00:00/task_id=process_ingestion/map_index=1 permission to 509
[2026-01-29T18:08:10.811+0000] {logging_mixin.py:188} INFO - Failed to change /opt/***/logs/dag_id=landing_to_trusted_events/run_id=manual__2026-01-29T18:08:08.923764+00:00/task_id=process_ingestion/map_index=1 permission to 509: [Errno 1] Operation not permitted: '/opt/***/logs/dag_id=landing_to_trusted_events/run_id=manual__2026-01-29T18:08:08.923764+00:00/task_id=process_ingestion/map_index=1'
[2026-01-29T18:08:10.850+0000] {taskinstance.py:1956} INFO - Dependencies all met for dep_context=non-requeueable deps ti=<TaskInstance: landing_to_trusted_events.process_ingestion manual__2026-01-29T18:08:08.923764+00:00 map_index=1 [queued]>
[2026-01-29T18:08:10.859+0000] {taskinstance.py:1956} INFO - Dependencies all met for dep_context=requeueable deps ti=<TaskInstance: landing_to_trusted_events.process_ingestion manual__2026-01-29T18:08:08.923764+00:00 map_index=1 [queued]>
[2026-01-29T18:08:10.860+0000] {taskinstance.py:2170} INFO - Starting attempt 1 of 1
[2026-01-29T18:08:10.873+0000] {taskinstance.py:2191} INFO - Executing <Mapped(_PythonDecoratedOperator): process_ingestion> on 2026-01-29 18:08:08.923764+00:00
[2026-01-29T18:08:10.879+0000] {standard_task_runner.py:60} INFO - Started process 187 to run task
[2026-01-29T18:08:10.883+0000] {standard_task_runner.py:87} INFO - Running: ['***', 'tasks', 'run', 'landing_to_trusted_events', 'process_ingestion', 'manual__2026-01-29T18:08:08.923764+00:00', '--job-id', '42', '--raw', '--subdir', 'DAGS_FOLDER/trusted_events_to_minio.py', '--cfg-path', '/tmp/tmpbp2pdysc', '--map-index', '1']
[2026-01-29T18:08:10.887+0000] {standard_task_runner.py:88} INFO - Job 42: Subtask process_ingestion
[2026-01-29T18:08:10.946+0000] {logging_mixin.py:188} INFO - Changing /opt/***/logs/dag_id=landing_to_trusted_events/run_id=manual__2026-01-29T18:08:08.923764+00:00/task_id=process_ingestion/map_index=1 permission to 509
[2026-01-29T18:08:10.946+0000] {logging_mixin.py:188} INFO - Failed to change /opt/***/logs/dag_id=landing_to_trusted_events/run_id=manual__2026-01-29T18:08:08.923764+00:00/task_id=process_ingestion/map_index=1 permission to 509: [Errno 1] Operation not permitted: '/opt/***/logs/dag_id=landing_to_trusted_events/run_id=manual__2026-01-29T18:08:08.923764+00:00/task_id=process_ingestion/map_index=1'
[2026-01-29T18:08:10.948+0000] {task_command.py:423} INFO - Running <TaskInstance: landing_to_trusted_events.process_ingestion manual__2026-01-29T18:08:08.923764+00:00 map_index=1 [running]> on host 6b868b37e684
[2026-01-29T18:08:11.035+0000] {taskinstance.py:2480} INFO - Exporting env vars: AIRFLOW_CTX_DAG_OWNER='***' AIRFLOW_CTX_DAG_ID='landing_to_trusted_events' AIRFLOW_CTX_TASK_ID='process_ingestion' AIRFLOW_CTX_EXECUTION_DATE='2026-01-29T18:08:08.923764+00:00' AIRFLOW_CTX_TRY_NUMBER='1' AIRFLOW_CTX_DAG_RUN_ID='manual__2026-01-29T18:08:08.923764+00:00'
[2026-01-29T18:08:11.374+0000] {taskinstance.py:2698} ERROR - Task failed with exception
Traceback (most recent call last):
  File "/home/airflow/.local/lib/python3.10/site-packages/airflow/models/taskinstance.py", line 433, in _execute_task
    result = execute_callable(context=context, **execute_callable_kwargs)
  File "/home/airflow/.local/lib/python3.10/site-packages/airflow/decorators/base.py", line 241, in execute
    return_value = super().execute(context)
  File "/home/airflow/.local/lib/python3.10/site-packages/airflow/operators/python.py", line 199, in execute
    return_value = self.execute_callable()
  File "/home/airflow/.local/lib/python3.10/site-packages/airflow/operators/python.py", line 216, in execute_callable
    return self.python_callable(*self.op_args, **self.op_kwargs)
  File "/opt/airflow/dags/trusted_events_to_minio.py", line 144, in process_ingestion
    os.remove(tmp_file)
FileNotFoundError: [Errno 2] No such file or directory: '/tmp/data.csv'
[2026-01-29T18:08:11.387+0000] {taskinstance.py:1138} INFO - Marking task as FAILED. dag_id=landing_to_trusted_events, task_id=process_ingestion, map_index=1, execution_date=20260129T180808, start_date=20260129T180810, end_date=20260129T180811
[2026-01-29T18:08:11.401+0000] {standard_task_runner.py:107} ERROR - Failed to execute job 42 for task process_ingestion ([Errno 2] No such file or directory: '/tmp/data.csv'; 187)
[2026-01-29T18:08:11.421+0000] {local_task_job_runner.py:234} INFO - Task exited with return code 1
[2026-01-29T18:08:11.449+0000] {taskinstance.py:3280} INFO - 0 downstream tasks scheduled from follow-on schedule check
