[2026-01-28T20:29:00.621+0000] {logging_mixin.py:188} INFO - Changing /opt/***/logs/dag_id=ingest_postgres_to_minio_landing/run_id=manual__2026-01-28T20:28:59.671312+00:00/task_id=extract_postgres_to_minio permission to 509
[2026-01-28T20:29:00.622+0000] {logging_mixin.py:188} INFO - Failed to change /opt/***/logs/dag_id=ingest_postgres_to_minio_landing/run_id=manual__2026-01-28T20:28:59.671312+00:00/task_id=extract_postgres_to_minio permission to 509: [Errno 1] Operation not permitted: '/opt/***/logs/dag_id=ingest_postgres_to_minio_landing/run_id=manual__2026-01-28T20:28:59.671312+00:00/task_id=extract_postgres_to_minio'
[2026-01-28T20:29:00.648+0000] {logging_mixin.py:188} INFO - Changing /opt/***/logs/dag_id=ingest_postgres_to_minio_landing/run_id=manual__2026-01-28T20:28:59.671312+00:00/task_id=extract_postgres_to_minio permission to 509
[2026-01-28T20:29:00.649+0000] {logging_mixin.py:188} INFO - Failed to change /opt/***/logs/dag_id=ingest_postgres_to_minio_landing/run_id=manual__2026-01-28T20:28:59.671312+00:00/task_id=extract_postgres_to_minio permission to 509: [Errno 1] Operation not permitted: '/opt/***/logs/dag_id=ingest_postgres_to_minio_landing/run_id=manual__2026-01-28T20:28:59.671312+00:00/task_id=extract_postgres_to_minio'
[2026-01-28T20:29:00.689+0000] {taskinstance.py:1956} INFO - Dependencies all met for dep_context=non-requeueable deps ti=<TaskInstance: ingest_postgres_to_minio_landing.extract_postgres_to_minio manual__2026-01-28T20:28:59.671312+00:00 [queued]>
[2026-01-28T20:29:00.698+0000] {taskinstance.py:1956} INFO - Dependencies all met for dep_context=requeueable deps ti=<TaskInstance: ingest_postgres_to_minio_landing.extract_postgres_to_minio manual__2026-01-28T20:28:59.671312+00:00 [queued]>
[2026-01-28T20:29:00.699+0000] {taskinstance.py:2170} INFO - Starting attempt 1 of 1
[2026-01-28T20:29:00.712+0000] {taskinstance.py:2191} INFO - Executing <Task(PythonOperator): extract_postgres_to_minio> on 2026-01-28 20:28:59.671312+00:00
[2026-01-28T20:29:00.717+0000] {standard_task_runner.py:60} INFO - Started process 1415 to run task
[2026-01-28T20:29:00.722+0000] {standard_task_runner.py:87} INFO - Running: ['***', 'tasks', 'run', 'ingest_postgres_to_minio_landing', 'extract_postgres_to_minio', 'manual__2026-01-28T20:28:59.671312+00:00', '--job-id', '4', '--raw', '--subdir', 'DAGS_FOLDER/ingest_postgres_to_minio.py', '--cfg-path', '/tmp/tmpg1u9wvu3']
[2026-01-28T20:29:00.724+0000] {standard_task_runner.py:88} INFO - Job 4: Subtask extract_postgres_to_minio
[2026-01-28T20:29:00.776+0000] {logging_mixin.py:188} INFO - Changing /opt/***/logs/dag_id=ingest_postgres_to_minio_landing/run_id=manual__2026-01-28T20:28:59.671312+00:00/task_id=extract_postgres_to_minio permission to 509
[2026-01-28T20:29:00.776+0000] {logging_mixin.py:188} INFO - Failed to change /opt/***/logs/dag_id=ingest_postgres_to_minio_landing/run_id=manual__2026-01-28T20:28:59.671312+00:00/task_id=extract_postgres_to_minio permission to 509: [Errno 1] Operation not permitted: '/opt/***/logs/dag_id=ingest_postgres_to_minio_landing/run_id=manual__2026-01-28T20:28:59.671312+00:00/task_id=extract_postgres_to_minio'
[2026-01-28T20:29:00.778+0000] {task_command.py:423} INFO - Running <TaskInstance: ingest_postgres_to_minio_landing.extract_postgres_to_minio manual__2026-01-28T20:28:59.671312+00:00 [running]> on host f59a995da666
[2026-01-28T20:29:00.858+0000] {taskinstance.py:2480} INFO - Exporting env vars: AIRFLOW_CTX_DAG_OWNER='***' AIRFLOW_CTX_DAG_ID='ingest_postgres_to_minio_landing' AIRFLOW_CTX_TASK_ID='extract_postgres_to_minio' AIRFLOW_CTX_EXECUTION_DATE='2026-01-28T20:28:59.671312+00:00' AIRFLOW_CTX_TRY_NUMBER='1' AIRFLOW_CTX_DAG_RUN_ID='manual__2026-01-28T20:28:59.671312+00:00'
[2026-01-28T20:29:00.860+0000] {taskinstance.py:2698} ERROR - Task failed with exception
Traceback (most recent call last):
  File "/home/airflow/.local/lib/python3.10/site-packages/airflow/models/taskinstance.py", line 433, in _execute_task
    result = execute_callable(context=context, **execute_callable_kwargs)
  File "/home/airflow/.local/lib/python3.10/site-packages/airflow/operators/python.py", line 199, in execute
    return_value = self.execute_callable()
  File "/home/airflow/.local/lib/python3.10/site-packages/airflow/operators/python.py", line 216, in execute_callable
    return self.python_callable(*self.op_args, **self.op_kwargs)
  File "/opt/airflow/dags/ingest_postgres_to_minio.py", line 29, in extract_and_load
    ingestion_id = str(uuid.uuid4())
NameError: name 'uuid' is not defined
[2026-01-28T20:29:00.870+0000] {taskinstance.py:1138} INFO - Marking task as FAILED. dag_id=ingest_postgres_to_minio_landing, task_id=extract_postgres_to_minio, execution_date=20260128T202859, start_date=20260128T202900, end_date=20260128T202900
[2026-01-28T20:29:00.882+0000] {standard_task_runner.py:107} ERROR - Failed to execute job 4 for task extract_postgres_to_minio (name 'uuid' is not defined; 1415)
[2026-01-28T20:29:00.898+0000] {local_task_job_runner.py:234} INFO - Task exited with return code 1
[2026-01-28T20:29:00.913+0000] {taskinstance.py:3280} INFO - 0 downstream tasks scheduled from follow-on schedule check
