[2026-01-28T20:30:11.129+0000] {logging_mixin.py:188} INFO - Changing /opt/***/logs/dag_id=ingest_postgres_to_minio_landing/run_id=manual__2026-01-28T20:30:10.626953+00:00/task_id=extract_postgres_to_minio permission to 509
[2026-01-28T20:30:11.130+0000] {logging_mixin.py:188} INFO - Failed to change /opt/***/logs/dag_id=ingest_postgres_to_minio_landing/run_id=manual__2026-01-28T20:30:10.626953+00:00/task_id=extract_postgres_to_minio permission to 509: [Errno 1] Operation not permitted: '/opt/***/logs/dag_id=ingest_postgres_to_minio_landing/run_id=manual__2026-01-28T20:30:10.626953+00:00/task_id=extract_postgres_to_minio'
[2026-01-28T20:30:11.162+0000] {logging_mixin.py:188} INFO - Changing /opt/***/logs/dag_id=ingest_postgres_to_minio_landing/run_id=manual__2026-01-28T20:30:10.626953+00:00/task_id=extract_postgres_to_minio permission to 509
[2026-01-28T20:30:11.163+0000] {logging_mixin.py:188} INFO - Failed to change /opt/***/logs/dag_id=ingest_postgres_to_minio_landing/run_id=manual__2026-01-28T20:30:10.626953+00:00/task_id=extract_postgres_to_minio permission to 509: [Errno 1] Operation not permitted: '/opt/***/logs/dag_id=ingest_postgres_to_minio_landing/run_id=manual__2026-01-28T20:30:10.626953+00:00/task_id=extract_postgres_to_minio'
[2026-01-28T20:30:11.222+0000] {taskinstance.py:1956} INFO - Dependencies all met for dep_context=non-requeueable deps ti=<TaskInstance: ingest_postgres_to_minio_landing.extract_postgres_to_minio manual__2026-01-28T20:30:10.626953+00:00 [queued]>
[2026-01-28T20:30:11.234+0000] {taskinstance.py:1956} INFO - Dependencies all met for dep_context=requeueable deps ti=<TaskInstance: ingest_postgres_to_minio_landing.extract_postgres_to_minio manual__2026-01-28T20:30:10.626953+00:00 [queued]>
[2026-01-28T20:30:11.235+0000] {taskinstance.py:2170} INFO - Starting attempt 1 of 1
[2026-01-28T20:30:11.256+0000] {taskinstance.py:2191} INFO - Executing <Task(PythonOperator): extract_postgres_to_minio> on 2026-01-28 20:30:10.626953+00:00
[2026-01-28T20:30:11.263+0000] {standard_task_runner.py:60} INFO - Started process 1442 to run task
[2026-01-28T20:30:11.268+0000] {standard_task_runner.py:87} INFO - Running: ['***', 'tasks', 'run', 'ingest_postgres_to_minio_landing', 'extract_postgres_to_minio', 'manual__2026-01-28T20:30:10.626953+00:00', '--job-id', '5', '--raw', '--subdir', 'DAGS_FOLDER/ingest_postgres_to_minio.py', '--cfg-path', '/tmp/tmpmfs8nnad']
[2026-01-28T20:30:11.272+0000] {standard_task_runner.py:88} INFO - Job 5: Subtask extract_postgres_to_minio
[2026-01-28T20:30:11.326+0000] {logging_mixin.py:188} INFO - Changing /opt/***/logs/dag_id=ingest_postgres_to_minio_landing/run_id=manual__2026-01-28T20:30:10.626953+00:00/task_id=extract_postgres_to_minio permission to 509
[2026-01-28T20:30:11.326+0000] {logging_mixin.py:188} INFO - Failed to change /opt/***/logs/dag_id=ingest_postgres_to_minio_landing/run_id=manual__2026-01-28T20:30:10.626953+00:00/task_id=extract_postgres_to_minio permission to 509: [Errno 1] Operation not permitted: '/opt/***/logs/dag_id=ingest_postgres_to_minio_landing/run_id=manual__2026-01-28T20:30:10.626953+00:00/task_id=extract_postgres_to_minio'
[2026-01-28T20:30:11.328+0000] {task_command.py:423} INFO - Running <TaskInstance: ingest_postgres_to_minio_landing.extract_postgres_to_minio manual__2026-01-28T20:30:10.626953+00:00 [running]> on host f59a995da666
[2026-01-28T20:30:11.414+0000] {taskinstance.py:2480} INFO - Exporting env vars: AIRFLOW_CTX_DAG_OWNER='***' AIRFLOW_CTX_DAG_ID='ingest_postgres_to_minio_landing' AIRFLOW_CTX_TASK_ID='extract_postgres_to_minio' AIRFLOW_CTX_EXECUTION_DATE='2026-01-28T20:30:10.626953+00:00' AIRFLOW_CTX_TRY_NUMBER='1' AIRFLOW_CTX_DAG_RUN_ID='manual__2026-01-28T20:30:10.626953+00:00'
[2026-01-28T20:30:11.428+0000] {taskinstance.py:2698} ERROR - Task failed with exception
Traceback (most recent call last):
  File "/home/airflow/.local/lib/python3.10/site-packages/airflow/models/taskinstance.py", line 433, in _execute_task
    result = execute_callable(context=context, **execute_callable_kwargs)
  File "/home/airflow/.local/lib/python3.10/site-packages/airflow/operators/python.py", line 199, in execute
    return_value = self.execute_callable()
  File "/home/airflow/.local/lib/python3.10/site-packages/airflow/operators/python.py", line 216, in execute_callable
    return self.python_callable(*self.op_args, **self.op_kwargs)
  File "/opt/airflow/dags/ingest_postgres_to_minio.py", line 68, in extract_and_load
    endpoint_url=os.environ["S3_ENDPOINT"],
  File "/usr/local/lib/python3.10/os.py", line 680, in __getitem__
    raise KeyError(key) from None
KeyError: 'S3_ENDPOINT'
[2026-01-28T20:30:11.440+0000] {taskinstance.py:1138} INFO - Marking task as FAILED. dag_id=ingest_postgres_to_minio_landing, task_id=extract_postgres_to_minio, execution_date=20260128T203010, start_date=20260128T203011, end_date=20260128T203011
[2026-01-28T20:30:11.450+0000] {standard_task_runner.py:107} ERROR - Failed to execute job 5 for task extract_postgres_to_minio ('S3_ENDPOINT'; 1442)
[2026-01-28T20:30:11.485+0000] {local_task_job_runner.py:234} INFO - Task exited with return code 1
[2026-01-28T20:30:11.500+0000] {taskinstance.py:3280} INFO - 0 downstream tasks scheduled from follow-on schedule check
