[2026-01-28T20:39:50.820+0000] {logging_mixin.py:188} INFO - Changing /opt/***/logs/dag_id=ingest_postgres_to_minio_landing/run_id=manual__2026-01-28T20:39:50.547524+00:00/task_id=extract_postgres_to_minio permission to 509
[2026-01-28T20:39:50.821+0000] {logging_mixin.py:188} INFO - Failed to change /opt/***/logs/dag_id=ingest_postgres_to_minio_landing/run_id=manual__2026-01-28T20:39:50.547524+00:00/task_id=extract_postgres_to_minio permission to 509: [Errno 1] Operation not permitted: '/opt/***/logs/dag_id=ingest_postgres_to_minio_landing/run_id=manual__2026-01-28T20:39:50.547524+00:00/task_id=extract_postgres_to_minio'
[2026-01-28T20:39:50.860+0000] {logging_mixin.py:188} INFO - Changing /opt/***/logs/dag_id=ingest_postgres_to_minio_landing/run_id=manual__2026-01-28T20:39:50.547524+00:00/task_id=extract_postgres_to_minio permission to 509
[2026-01-28T20:39:50.861+0000] {logging_mixin.py:188} INFO - Failed to change /opt/***/logs/dag_id=ingest_postgres_to_minio_landing/run_id=manual__2026-01-28T20:39:50.547524+00:00/task_id=extract_postgres_to_minio permission to 509: [Errno 1] Operation not permitted: '/opt/***/logs/dag_id=ingest_postgres_to_minio_landing/run_id=manual__2026-01-28T20:39:50.547524+00:00/task_id=extract_postgres_to_minio'
[2026-01-28T20:39:50.938+0000] {taskinstance.py:1956} INFO - Dependencies all met for dep_context=non-requeueable deps ti=<TaskInstance: ingest_postgres_to_minio_landing.extract_postgres_to_minio manual__2026-01-28T20:39:50.547524+00:00 [queued]>
[2026-01-28T20:39:50.956+0000] {taskinstance.py:1956} INFO - Dependencies all met for dep_context=requeueable deps ti=<TaskInstance: ingest_postgres_to_minio_landing.extract_postgres_to_minio manual__2026-01-28T20:39:50.547524+00:00 [queued]>
[2026-01-28T20:39:50.957+0000] {taskinstance.py:2170} INFO - Starting attempt 1 of 1
[2026-01-28T20:39:50.992+0000] {taskinstance.py:2191} INFO - Executing <Task(PythonOperator): extract_postgres_to_minio> on 2026-01-28 20:39:50.547524+00:00
[2026-01-28T20:39:51.008+0000] {standard_task_runner.py:60} INFO - Started process 239 to run task
[2026-01-28T20:39:51.013+0000] {standard_task_runner.py:87} INFO - Running: ['***', 'tasks', 'run', 'ingest_postgres_to_minio_landing', 'extract_postgres_to_minio', 'manual__2026-01-28T20:39:50.547524+00:00', '--job-id', '9', '--raw', '--subdir', 'DAGS_FOLDER/ingest_postgres_to_minio.py', '--cfg-path', '/tmp/tmp8j5mlhgx']
[2026-01-28T20:39:51.017+0000] {standard_task_runner.py:88} INFO - Job 9: Subtask extract_postgres_to_minio
[2026-01-28T20:39:51.078+0000] {logging_mixin.py:188} INFO - Changing /opt/***/logs/dag_id=ingest_postgres_to_minio_landing/run_id=manual__2026-01-28T20:39:50.547524+00:00/task_id=extract_postgres_to_minio permission to 509
[2026-01-28T20:39:51.079+0000] {logging_mixin.py:188} INFO - Failed to change /opt/***/logs/dag_id=ingest_postgres_to_minio_landing/run_id=manual__2026-01-28T20:39:50.547524+00:00/task_id=extract_postgres_to_minio permission to 509: [Errno 1] Operation not permitted: '/opt/***/logs/dag_id=ingest_postgres_to_minio_landing/run_id=manual__2026-01-28T20:39:50.547524+00:00/task_id=extract_postgres_to_minio'
[2026-01-28T20:39:51.082+0000] {task_command.py:423} INFO - Running <TaskInstance: ingest_postgres_to_minio_landing.extract_postgres_to_minio manual__2026-01-28T20:39:50.547524+00:00 [running]> on host 64beabb82122
[2026-01-28T20:39:51.180+0000] {taskinstance.py:2480} INFO - Exporting env vars: AIRFLOW_CTX_DAG_OWNER='***' AIRFLOW_CTX_DAG_ID='ingest_postgres_to_minio_landing' AIRFLOW_CTX_TASK_ID='extract_postgres_to_minio' AIRFLOW_CTX_EXECUTION_DATE='2026-01-28T20:39:50.547524+00:00' AIRFLOW_CTX_TRY_NUMBER='1' AIRFLOW_CTX_DAG_RUN_ID='manual__2026-01-28T20:39:50.547524+00:00'
[2026-01-28T20:39:51.564+0000] {logging_mixin.py:188} INFO - Nows rows to be processed.
[2026-01-28T20:39:51.567+0000] {taskinstance.py:2698} ERROR - Task failed with exception
Traceback (most recent call last):
  File "/home/airflow/.local/lib/python3.10/site-packages/airflow/models/taskinstance.py", line 433, in _execute_task
    result = execute_callable(context=context, **execute_callable_kwargs)
  File "/home/airflow/.local/lib/python3.10/site-packages/airflow/operators/python.py", line 199, in execute
    return_value = self.execute_callable()
  File "/home/airflow/.local/lib/python3.10/site-packages/airflow/operators/python.py", line 216, in execute_callable
    return self.python_callable(*self.op_args, **self.op_kwargs)
  File "/opt/airflow/dags/ingest_postgres_to_minio.py", line 117, in extract_and_load
    cursor.execute("""
TypeError: 'str' object is not callable
[2026-01-28T20:39:51.578+0000] {taskinstance.py:1138} INFO - Marking task as FAILED. dag_id=ingest_postgres_to_minio_landing, task_id=extract_postgres_to_minio, execution_date=20260128T203950, start_date=20260128T203950, end_date=20260128T203951
[2026-01-28T20:39:51.588+0000] {standard_task_runner.py:107} ERROR - Failed to execute job 9 for task extract_postgres_to_minio ('str' object is not callable; 239)
[2026-01-28T20:39:51.633+0000] {local_task_job_runner.py:234} INFO - Task exited with return code 1
[2026-01-28T20:39:51.647+0000] {taskinstance.py:3280} INFO - 0 downstream tasks scheduled from follow-on schedule check
