[2026-01-29T17:47:47.851+0000] {logging_mixin.py:188} INFO - Changing /opt/***/logs/dag_id=landing_to_trusted_events/run_id=manual__2026-01-29T17:47:45.668136+00:00/task_id=process_ingestion/map_index=0 permission to 509
[2026-01-29T17:47:47.851+0000] {logging_mixin.py:188} INFO - Failed to change /opt/***/logs/dag_id=landing_to_trusted_events/run_id=manual__2026-01-29T17:47:45.668136+00:00/task_id=process_ingestion/map_index=0 permission to 509: [Errno 1] Operation not permitted: '/opt/***/logs/dag_id=landing_to_trusted_events/run_id=manual__2026-01-29T17:47:45.668136+00:00/task_id=process_ingestion/map_index=0'
[2026-01-29T17:47:47.876+0000] {logging_mixin.py:188} INFO - Changing /opt/***/logs/dag_id=landing_to_trusted_events/run_id=manual__2026-01-29T17:47:45.668136+00:00/task_id=process_ingestion/map_index=0 permission to 509
[2026-01-29T17:47:47.877+0000] {logging_mixin.py:188} INFO - Failed to change /opt/***/logs/dag_id=landing_to_trusted_events/run_id=manual__2026-01-29T17:47:45.668136+00:00/task_id=process_ingestion/map_index=0 permission to 509: [Errno 1] Operation not permitted: '/opt/***/logs/dag_id=landing_to_trusted_events/run_id=manual__2026-01-29T17:47:45.668136+00:00/task_id=process_ingestion/map_index=0'
[2026-01-29T17:47:47.906+0000] {taskinstance.py:1956} INFO - Dependencies all met for dep_context=non-requeueable deps ti=<TaskInstance: landing_to_trusted_events.process_ingestion manual__2026-01-29T17:47:45.668136+00:00 map_index=0 [queued]>
[2026-01-29T17:47:47.916+0000] {taskinstance.py:1956} INFO - Dependencies all met for dep_context=requeueable deps ti=<TaskInstance: landing_to_trusted_events.process_ingestion manual__2026-01-29T17:47:45.668136+00:00 map_index=0 [queued]>
[2026-01-29T17:47:47.917+0000] {taskinstance.py:2170} INFO - Starting attempt 1 of 1
[2026-01-29T17:47:47.927+0000] {taskinstance.py:2191} INFO - Executing <Mapped(_PythonDecoratedOperator): process_ingestion> on 2026-01-29 17:47:45.668136+00:00
[2026-01-29T17:47:47.931+0000] {standard_task_runner.py:60} INFO - Started process 1716 to run task
[2026-01-29T17:47:47.935+0000] {standard_task_runner.py:87} INFO - Running: ['***', 'tasks', 'run', 'landing_to_trusted_events', 'process_ingestion', 'manual__2026-01-29T17:47:45.668136+00:00', '--job-id', '26', '--raw', '--subdir', 'DAGS_FOLDER/trusted_events_to_minio.py', '--cfg-path', '/tmp/tmpkdy3mvfx', '--map-index', '0']
[2026-01-29T17:47:47.937+0000] {standard_task_runner.py:88} INFO - Job 26: Subtask process_ingestion
[2026-01-29T17:47:47.987+0000] {logging_mixin.py:188} INFO - Changing /opt/***/logs/dag_id=landing_to_trusted_events/run_id=manual__2026-01-29T17:47:45.668136+00:00/task_id=process_ingestion/map_index=0 permission to 509
[2026-01-29T17:47:47.987+0000] {logging_mixin.py:188} INFO - Failed to change /opt/***/logs/dag_id=landing_to_trusted_events/run_id=manual__2026-01-29T17:47:45.668136+00:00/task_id=process_ingestion/map_index=0 permission to 509: [Errno 1] Operation not permitted: '/opt/***/logs/dag_id=landing_to_trusted_events/run_id=manual__2026-01-29T17:47:45.668136+00:00/task_id=process_ingestion/map_index=0'
[2026-01-29T17:47:47.989+0000] {task_command.py:423} INFO - Running <TaskInstance: landing_to_trusted_events.process_ingestion manual__2026-01-29T17:47:45.668136+00:00 map_index=0 [running]> on host 64beabb82122
[2026-01-29T17:47:48.074+0000] {taskinstance.py:2480} INFO - Exporting env vars: AIRFLOW_CTX_DAG_OWNER='***' AIRFLOW_CTX_DAG_ID='landing_to_trusted_events' AIRFLOW_CTX_TASK_ID='process_ingestion' AIRFLOW_CTX_EXECUTION_DATE='2026-01-29T17:47:45.668136+00:00' AIRFLOW_CTX_TRY_NUMBER='1' AIRFLOW_CTX_DAG_RUN_ID='manual__2026-01-29T17:47:45.668136+00:00'
[2026-01-29T17:47:48.174+0000] {logging_mixin.py:188} INFO - Bucket:  landing
[2026-01-29T17:47:48.174+0000] {taskinstance.py:2698} ERROR - Task failed with exception
Traceback (most recent call last):
  File "/home/airflow/.local/lib/python3.10/site-packages/airflow/models/taskinstance.py", line 433, in _execute_task
    result = execute_callable(context=context, **execute_callable_kwargs)
  File "/home/airflow/.local/lib/python3.10/site-packages/airflow/decorators/base.py", line 241, in execute
    return_value = super().execute(context)
  File "/home/airflow/.local/lib/python3.10/site-packages/airflow/operators/python.py", line 199, in execute
    return_value = self.execute_callable()
  File "/home/airflow/.local/lib/python3.10/site-packages/airflow/operators/python.py", line 216, in execute_callable
    return self.python_callable(*self.op_args, **self.op_kwargs)
  File "/opt/airflow/dags/trusted_events_to_minio.py", line 72, in process_ingestion
    print("Prefix: ", Prefix=f"{S3_PREFIX}/ingestion_id={ingestion_id}/")
TypeError: 'Prefix' is an invalid keyword argument for print()
[2026-01-29T17:47:48.186+0000] {taskinstance.py:1138} INFO - Marking task as FAILED. dag_id=landing_to_trusted_events, task_id=process_ingestion, map_index=0, execution_date=20260129T174745, start_date=20260129T174747, end_date=20260129T174748
[2026-01-29T17:47:48.207+0000] {standard_task_runner.py:107} ERROR - Failed to execute job 26 for task process_ingestion ('Prefix' is an invalid keyword argument for print(); 1716)
[2026-01-29T17:47:48.228+0000] {local_task_job_runner.py:234} INFO - Task exited with return code 1
[2026-01-29T17:47:48.251+0000] {taskinstance.py:3280} INFO - 0 downstream tasks scheduled from follow-on schedule check
