[2026-01-28T17:15:06.595+0000] {logging_mixin.py:188} INFO - Changing /opt/***/logs/dag_id=example_ingestion/run_id=manual__2026-01-28T17:15:05.767664+00:00/task_id=hello_task permission to 509
[2026-01-28T17:15:06.595+0000] {logging_mixin.py:188} INFO - Failed to change /opt/***/logs/dag_id=example_ingestion/run_id=manual__2026-01-28T17:15:05.767664+00:00/task_id=hello_task permission to 509: [Errno 1] Operation not permitted: '/opt/***/logs/dag_id=example_ingestion/run_id=manual__2026-01-28T17:15:05.767664+00:00/task_id=hello_task'
[2026-01-28T17:15:06.625+0000] {logging_mixin.py:188} INFO - Changing /opt/***/logs/dag_id=example_ingestion/run_id=manual__2026-01-28T17:15:05.767664+00:00/task_id=hello_task permission to 509
[2026-01-28T17:15:06.626+0000] {logging_mixin.py:188} INFO - Failed to change /opt/***/logs/dag_id=example_ingestion/run_id=manual__2026-01-28T17:15:05.767664+00:00/task_id=hello_task permission to 509: [Errno 1] Operation not permitted: '/opt/***/logs/dag_id=example_ingestion/run_id=manual__2026-01-28T17:15:05.767664+00:00/task_id=hello_task'
[2026-01-28T17:15:06.658+0000] {taskinstance.py:1956} INFO - Dependencies all met for dep_context=non-requeueable deps ti=<TaskInstance: example_ingestion.hello_task manual__2026-01-28T17:15:05.767664+00:00 [queued]>
[2026-01-28T17:15:06.666+0000] {taskinstance.py:1956} INFO - Dependencies all met for dep_context=requeueable deps ti=<TaskInstance: example_ingestion.hello_task manual__2026-01-28T17:15:05.767664+00:00 [queued]>
[2026-01-28T17:15:06.666+0000] {taskinstance.py:2170} INFO - Starting attempt 1 of 1
[2026-01-28T17:15:06.676+0000] {taskinstance.py:2191} INFO - Executing <Task(PythonOperator): hello_task> on 2026-01-28 17:15:05.767664+00:00
[2026-01-28T17:15:06.681+0000] {standard_task_runner.py:60} INFO - Started process 174 to run task
[2026-01-28T17:15:06.685+0000] {standard_task_runner.py:87} INFO - Running: ['***', 'tasks', 'run', 'example_ingestion', 'hello_task', 'manual__2026-01-28T17:15:05.767664+00:00', '--job-id', '2', '--raw', '--subdir', 'DAGS_FOLDER/example_ingestion.py', '--cfg-path', '/tmp/tmpqb8zxpbc']
[2026-01-28T17:15:06.687+0000] {standard_task_runner.py:88} INFO - Job 2: Subtask hello_task
[2026-01-28T17:15:06.732+0000] {logging_mixin.py:188} INFO - Changing /opt/***/logs/dag_id=example_ingestion/run_id=manual__2026-01-28T17:15:05.767664+00:00/task_id=hello_task permission to 509
[2026-01-28T17:15:06.733+0000] {logging_mixin.py:188} INFO - Failed to change /opt/***/logs/dag_id=example_ingestion/run_id=manual__2026-01-28T17:15:05.767664+00:00/task_id=hello_task permission to 509: [Errno 1] Operation not permitted: '/opt/***/logs/dag_id=example_ingestion/run_id=manual__2026-01-28T17:15:05.767664+00:00/task_id=hello_task'
[2026-01-28T17:15:06.735+0000] {task_command.py:423} INFO - Running <TaskInstance: example_ingestion.hello_task manual__2026-01-28T17:15:05.767664+00:00 [running]> on host f59a995da666
[2026-01-28T17:15:06.810+0000] {taskinstance.py:2480} INFO - Exporting env vars: AIRFLOW_CTX_DAG_OWNER='***' AIRFLOW_CTX_DAG_ID='example_ingestion' AIRFLOW_CTX_TASK_ID='hello_task' AIRFLOW_CTX_EXECUTION_DATE='2026-01-28T17:15:05.767664+00:00' AIRFLOW_CTX_TRY_NUMBER='1' AIRFLOW_CTX_DAG_RUN_ID='manual__2026-01-28T17:15:05.767664+00:00'
[2026-01-28T17:15:06.811+0000] {logging_mixin.py:188} INFO - Airflow está funcionando corretamente.
[2026-01-28T17:15:06.812+0000] {python.py:201} INFO - Done. Returned value was: None
[2026-01-28T17:15:06.820+0000] {taskinstance.py:1138} INFO - Marking task as SUCCESS. dag_id=example_ingestion, task_id=hello_task, execution_date=20260128T171505, start_date=20260128T171506, end_date=20260128T171506
[2026-01-28T17:15:06.858+0000] {local_task_job_runner.py:234} INFO - Task exited with return code 0
[2026-01-28T17:15:06.873+0000] {taskinstance.py:3280} INFO - 0 downstream tasks scheduled from follow-on schedule check
