[2026-01-29T19:14:35.848+0000] {logging_mixin.py:188} INFO - Changing /opt/***/logs/dag_id=landing_to_trusted_events/run_id=manual__2026-01-29T19:14:33.903297+00:00/task_id=process_ingestion/map_index=1 permission to 509
[2026-01-29T19:14:35.848+0000] {logging_mixin.py:188} INFO - Failed to change /opt/***/logs/dag_id=landing_to_trusted_events/run_id=manual__2026-01-29T19:14:33.903297+00:00/task_id=process_ingestion/map_index=1 permission to 509: [Errno 1] Operation not permitted: '/opt/***/logs/dag_id=landing_to_trusted_events/run_id=manual__2026-01-29T19:14:33.903297+00:00/task_id=process_ingestion/map_index=1'
[2026-01-29T19:14:35.881+0000] {logging_mixin.py:188} INFO - Changing /opt/***/logs/dag_id=landing_to_trusted_events/run_id=manual__2026-01-29T19:14:33.903297+00:00/task_id=process_ingestion/map_index=1 permission to 509
[2026-01-29T19:14:35.881+0000] {logging_mixin.py:188} INFO - Failed to change /opt/***/logs/dag_id=landing_to_trusted_events/run_id=manual__2026-01-29T19:14:33.903297+00:00/task_id=process_ingestion/map_index=1 permission to 509: [Errno 1] Operation not permitted: '/opt/***/logs/dag_id=landing_to_trusted_events/run_id=manual__2026-01-29T19:14:33.903297+00:00/task_id=process_ingestion/map_index=1'
[2026-01-29T19:14:35.918+0000] {taskinstance.py:1956} INFO - Dependencies all met for dep_context=non-requeueable deps ti=<TaskInstance: landing_to_trusted_events.process_ingestion manual__2026-01-29T19:14:33.903297+00:00 map_index=1 [queued]>
[2026-01-29T19:14:35.932+0000] {taskinstance.py:1956} INFO - Dependencies all met for dep_context=requeueable deps ti=<TaskInstance: landing_to_trusted_events.process_ingestion manual__2026-01-29T19:14:33.903297+00:00 map_index=1 [queued]>
[2026-01-29T19:14:35.933+0000] {taskinstance.py:2170} INFO - Starting attempt 1 of 1
[2026-01-29T19:14:35.950+0000] {taskinstance.py:2191} INFO - Executing <Mapped(_PythonDecoratedOperator): process_ingestion> on 2026-01-29 19:14:33.903297+00:00
[2026-01-29T19:14:35.958+0000] {standard_task_runner.py:60} INFO - Started process 2291 to run task
[2026-01-29T19:14:35.962+0000] {standard_task_runner.py:87} INFO - Running: ['***', 'tasks', 'run', 'landing_to_trusted_events', 'process_ingestion', 'manual__2026-01-29T19:14:33.903297+00:00', '--job-id', '72', '--raw', '--subdir', 'DAGS_FOLDER/trusted_events_to_minio.py', '--cfg-path', '/tmp/tmp2lt702uf', '--map-index', '1']
[2026-01-29T19:14:35.965+0000] {standard_task_runner.py:88} INFO - Job 72: Subtask process_ingestion
[2026-01-29T19:14:36.026+0000] {logging_mixin.py:188} INFO - Changing /opt/***/logs/dag_id=landing_to_trusted_events/run_id=manual__2026-01-29T19:14:33.903297+00:00/task_id=process_ingestion/map_index=1 permission to 509
[2026-01-29T19:14:36.026+0000] {logging_mixin.py:188} INFO - Failed to change /opt/***/logs/dag_id=landing_to_trusted_events/run_id=manual__2026-01-29T19:14:33.903297+00:00/task_id=process_ingestion/map_index=1 permission to 509: [Errno 1] Operation not permitted: '/opt/***/logs/dag_id=landing_to_trusted_events/run_id=manual__2026-01-29T19:14:33.903297+00:00/task_id=process_ingestion/map_index=1'
[2026-01-29T19:14:36.028+0000] {task_command.py:423} INFO - Running <TaskInstance: landing_to_trusted_events.process_ingestion manual__2026-01-29T19:14:33.903297+00:00 map_index=1 [running]> on host 6b868b37e684
[2026-01-29T19:14:36.111+0000] {taskinstance.py:2480} INFO - Exporting env vars: AIRFLOW_CTX_DAG_OWNER='***' AIRFLOW_CTX_DAG_ID='landing_to_trusted_events' AIRFLOW_CTX_TASK_ID='process_ingestion' AIRFLOW_CTX_EXECUTION_DATE='2026-01-29T19:14:33.903297+00:00' AIRFLOW_CTX_TRY_NUMBER='1' AIRFLOW_CTX_DAG_RUN_ID='manual__2026-01-29T19:14:33.903297+00:00'
[2026-01-29T19:14:36.117+0000] {logging_mixin.py:188} INFO - Ingestion a3d0fa94-60ef-41c9-86ab-1f010c2b929a already SUCCESS. Skipping.
[2026-01-29T19:14:36.117+0000] {python.py:201} INFO - Done. Returned value was: None
[2026-01-29T19:14:36.125+0000] {taskinstance.py:1138} INFO - Marking task as SUCCESS. dag_id=landing_to_trusted_events, task_id=process_ingestion, map_index=1, execution_date=20260129T191433, start_date=20260129T191435, end_date=20260129T191436
[2026-01-29T19:14:36.177+0000] {local_task_job_runner.py:234} INFO - Task exited with return code 0
[2026-01-29T19:14:36.193+0000] {taskinstance.py:3280} INFO - 0 downstream tasks scheduled from follow-on schedule check
