[2026-01-29T18:03:09.811+0000] {logging_mixin.py:188} INFO - Changing /opt/***/logs/dag_id=landing_to_trusted_events/run_id=manual__2026-01-29T18:03:08.221661+00:00/task_id=process_ingestion/map_index=0 permission to 509
[2026-01-29T18:03:09.812+0000] {logging_mixin.py:188} INFO - Failed to change /opt/***/logs/dag_id=landing_to_trusted_events/run_id=manual__2026-01-29T18:03:08.221661+00:00/task_id=process_ingestion/map_index=0 permission to 509: [Errno 1] Operation not permitted: '/opt/***/logs/dag_id=landing_to_trusted_events/run_id=manual__2026-01-29T18:03:08.221661+00:00/task_id=process_ingestion/map_index=0'
[2026-01-29T18:03:09.839+0000] {logging_mixin.py:188} INFO - Changing /opt/***/logs/dag_id=landing_to_trusted_events/run_id=manual__2026-01-29T18:03:08.221661+00:00/task_id=process_ingestion/map_index=0 permission to 509
[2026-01-29T18:03:09.840+0000] {logging_mixin.py:188} INFO - Failed to change /opt/***/logs/dag_id=landing_to_trusted_events/run_id=manual__2026-01-29T18:03:08.221661+00:00/task_id=process_ingestion/map_index=0 permission to 509: [Errno 1] Operation not permitted: '/opt/***/logs/dag_id=landing_to_trusted_events/run_id=manual__2026-01-29T18:03:08.221661+00:00/task_id=process_ingestion/map_index=0'
[2026-01-29T18:03:09.871+0000] {taskinstance.py:1956} INFO - Dependencies all met for dep_context=non-requeueable deps ti=<TaskInstance: landing_to_trusted_events.process_ingestion manual__2026-01-29T18:03:08.221661+00:00 map_index=0 [queued]>
[2026-01-29T18:03:09.880+0000] {taskinstance.py:1956} INFO - Dependencies all met for dep_context=requeueable deps ti=<TaskInstance: landing_to_trusted_events.process_ingestion manual__2026-01-29T18:03:08.221661+00:00 map_index=0 [queued]>
[2026-01-29T18:03:09.880+0000] {taskinstance.py:2170} INFO - Starting attempt 1 of 1
[2026-01-29T18:03:09.891+0000] {taskinstance.py:2191} INFO - Executing <Mapped(_PythonDecoratedOperator): process_ingestion> on 2026-01-29 18:03:08.221661+00:00
[2026-01-29T18:03:09.896+0000] {standard_task_runner.py:60} INFO - Started process 2223 to run task
[2026-01-29T18:03:09.900+0000] {standard_task_runner.py:87} INFO - Running: ['***', 'tasks', 'run', 'landing_to_trusted_events', 'process_ingestion', 'manual__2026-01-29T18:03:08.221661+00:00', '--job-id', '38', '--raw', '--subdir', 'DAGS_FOLDER/trusted_events_to_minio.py', '--cfg-path', '/tmp/tmp1akw3nzb', '--map-index', '0']
[2026-01-29T18:03:09.903+0000] {standard_task_runner.py:88} INFO - Job 38: Subtask process_ingestion
[2026-01-29T18:03:09.957+0000] {logging_mixin.py:188} INFO - Changing /opt/***/logs/dag_id=landing_to_trusted_events/run_id=manual__2026-01-29T18:03:08.221661+00:00/task_id=process_ingestion/map_index=0 permission to 509
[2026-01-29T18:03:09.958+0000] {logging_mixin.py:188} INFO - Failed to change /opt/***/logs/dag_id=landing_to_trusted_events/run_id=manual__2026-01-29T18:03:08.221661+00:00/task_id=process_ingestion/map_index=0 permission to 509: [Errno 1] Operation not permitted: '/opt/***/logs/dag_id=landing_to_trusted_events/run_id=manual__2026-01-29T18:03:08.221661+00:00/task_id=process_ingestion/map_index=0'
[2026-01-29T18:03:09.960+0000] {task_command.py:423} INFO - Running <TaskInstance: landing_to_trusted_events.process_ingestion manual__2026-01-29T18:03:08.221661+00:00 map_index=0 [running]> on host 64beabb82122
[2026-01-29T18:03:10.084+0000] {taskinstance.py:2480} INFO - Exporting env vars: AIRFLOW_CTX_DAG_OWNER='***' AIRFLOW_CTX_DAG_ID='landing_to_trusted_events' AIRFLOW_CTX_TASK_ID='process_ingestion' AIRFLOW_CTX_EXECUTION_DATE='2026-01-29T18:03:08.221661+00:00' AIRFLOW_CTX_TRY_NUMBER='1' AIRFLOW_CTX_DAG_RUN_ID='manual__2026-01-29T18:03:08.221661+00:00'
[2026-01-29T18:03:10.412+0000] {taskinstance.py:2698} ERROR - Task failed with exception
Traceback (most recent call last):
  File "/home/airflow/.local/lib/python3.10/site-packages/airflow/models/taskinstance.py", line 433, in _execute_task
    result = execute_callable(context=context, **execute_callable_kwargs)
  File "/home/airflow/.local/lib/python3.10/site-packages/airflow/decorators/base.py", line 241, in execute
    return_value = super().execute(context)
  File "/home/airflow/.local/lib/python3.10/site-packages/airflow/operators/python.py", line 199, in execute
    return_value = self.execute_callable()
  File "/home/airflow/.local/lib/python3.10/site-packages/airflow/operators/python.py", line 216, in execute_callable
    return self.python_callable(*self.op_args, **self.op_kwargs)
  File "/opt/airflow/dags/trusted_events_to_minio.py", line 114, in process_ingestion
    event_timestamp = datetime.fromisoformat(event_ts)
ValueError: Invalid isoformat string: '2026-01-28T17:22:48.89484-03:00'
[2026-01-29T18:03:10.423+0000] {taskinstance.py:1138} INFO - Marking task as FAILED. dag_id=landing_to_trusted_events, task_id=process_ingestion, map_index=0, execution_date=20260129T180308, start_date=20260129T180309, end_date=20260129T180310
[2026-01-29T18:03:10.433+0000] {standard_task_runner.py:107} ERROR - Failed to execute job 38 for task process_ingestion (Invalid isoformat string: '2026-01-28T17:22:48.89484-03:00'; 2223)
[2026-01-29T18:03:10.476+0000] {local_task_job_runner.py:234} INFO - Task exited with return code 1
[2026-01-29T18:03:10.491+0000] {taskinstance.py:3280} INFO - 0 downstream tasks scheduled from follow-on schedule check
