[2026-01-29T17:59:02.651+0000] {logging_mixin.py:188} INFO - Changing /opt/***/logs/dag_id=landing_to_trusted_events/run_id=manual__2026-01-29T17:59:01.220395+00:00/task_id=process_ingestion/map_index=1 permission to 509
[2026-01-29T17:59:02.652+0000] {logging_mixin.py:188} INFO - Failed to change /opt/***/logs/dag_id=landing_to_trusted_events/run_id=manual__2026-01-29T17:59:01.220395+00:00/task_id=process_ingestion/map_index=1 permission to 509: [Errno 1] Operation not permitted: '/opt/***/logs/dag_id=landing_to_trusted_events/run_id=manual__2026-01-29T17:59:01.220395+00:00/task_id=process_ingestion/map_index=1'
[2026-01-29T17:59:02.678+0000] {logging_mixin.py:188} INFO - Changing /opt/***/logs/dag_id=landing_to_trusted_events/run_id=manual__2026-01-29T17:59:01.220395+00:00/task_id=process_ingestion/map_index=1 permission to 509
[2026-01-29T17:59:02.678+0000] {logging_mixin.py:188} INFO - Failed to change /opt/***/logs/dag_id=landing_to_trusted_events/run_id=manual__2026-01-29T17:59:01.220395+00:00/task_id=process_ingestion/map_index=1 permission to 509: [Errno 1] Operation not permitted: '/opt/***/logs/dag_id=landing_to_trusted_events/run_id=manual__2026-01-29T17:59:01.220395+00:00/task_id=process_ingestion/map_index=1'
[2026-01-29T17:59:02.710+0000] {taskinstance.py:1956} INFO - Dependencies all met for dep_context=non-requeueable deps ti=<TaskInstance: landing_to_trusted_events.process_ingestion manual__2026-01-29T17:59:01.220395+00:00 map_index=1 [queued]>
[2026-01-29T17:59:02.721+0000] {taskinstance.py:1956} INFO - Dependencies all met for dep_context=requeueable deps ti=<TaskInstance: landing_to_trusted_events.process_ingestion manual__2026-01-29T17:59:01.220395+00:00 map_index=1 [queued]>
[2026-01-29T17:59:02.721+0000] {taskinstance.py:2170} INFO - Starting attempt 1 of 1
[2026-01-29T17:59:02.733+0000] {taskinstance.py:2191} INFO - Executing <Mapped(_PythonDecoratedOperator): process_ingestion> on 2026-01-29 17:59:01.220395+00:00
[2026-01-29T17:59:02.739+0000] {standard_task_runner.py:60} INFO - Started process 2089 to run task
[2026-01-29T17:59:02.743+0000] {standard_task_runner.py:87} INFO - Running: ['***', 'tasks', 'run', 'landing_to_trusted_events', 'process_ingestion', 'manual__2026-01-29T17:59:01.220395+00:00', '--job-id', '35', '--raw', '--subdir', 'DAGS_FOLDER/trusted_events_to_minio.py', '--cfg-path', '/tmp/tmpeledgmey', '--map-index', '1']
[2026-01-29T17:59:02.746+0000] {standard_task_runner.py:88} INFO - Job 35: Subtask process_ingestion
[2026-01-29T17:59:02.799+0000] {logging_mixin.py:188} INFO - Changing /opt/***/logs/dag_id=landing_to_trusted_events/run_id=manual__2026-01-29T17:59:01.220395+00:00/task_id=process_ingestion/map_index=1 permission to 509
[2026-01-29T17:59:02.799+0000] {logging_mixin.py:188} INFO - Failed to change /opt/***/logs/dag_id=landing_to_trusted_events/run_id=manual__2026-01-29T17:59:01.220395+00:00/task_id=process_ingestion/map_index=1 permission to 509: [Errno 1] Operation not permitted: '/opt/***/logs/dag_id=landing_to_trusted_events/run_id=manual__2026-01-29T17:59:01.220395+00:00/task_id=process_ingestion/map_index=1'
[2026-01-29T17:59:02.801+0000] {task_command.py:423} INFO - Running <TaskInstance: landing_to_trusted_events.process_ingestion manual__2026-01-29T17:59:01.220395+00:00 map_index=1 [running]> on host 64beabb82122
[2026-01-29T17:59:02.879+0000] {taskinstance.py:2480} INFO - Exporting env vars: AIRFLOW_CTX_DAG_OWNER='***' AIRFLOW_CTX_DAG_ID='landing_to_trusted_events' AIRFLOW_CTX_TASK_ID='process_ingestion' AIRFLOW_CTX_EXECUTION_DATE='2026-01-29T17:59:01.220395+00:00' AIRFLOW_CTX_TRY_NUMBER='1' AIRFLOW_CTX_DAG_RUN_ID='manual__2026-01-29T17:59:01.220395+00:00'
[2026-01-29T17:59:03.168+0000] {taskinstance.py:2698} ERROR - Task failed with exception
Traceback (most recent call last):
  File "/home/airflow/.local/lib/python3.10/site-packages/airflow/models/taskinstance.py", line 433, in _execute_task
    result = execute_callable(context=context, **execute_callable_kwargs)
  File "/home/airflow/.local/lib/python3.10/site-packages/airflow/decorators/base.py", line 241, in execute
    return_value = super().execute(context)
  File "/home/airflow/.local/lib/python3.10/site-packages/airflow/operators/python.py", line 199, in execute
    return_value = self.execute_callable()
  File "/home/airflow/.local/lib/python3.10/site-packages/airflow/operators/python.py", line 216, in execute_callable
    return self.python_callable(*self.op_args, **self.op_kwargs)
  File "/opt/airflow/dags/trusted_events_to_minio.py", line 90, in process_ingestion
    payload = json.loads(row["payload"])
  File "/usr/local/lib/python3.10/json/__init__.py", line 346, in loads
    return _default_decoder.decode(s)
  File "/usr/local/lib/python3.10/json/decoder.py", line 337, in decode
    obj, end = self.raw_decode(s, idx=_w(s, 0).end())
  File "/usr/local/lib/python3.10/json/decoder.py", line 353, in raw_decode
    obj, end = self.scan_once(s, idx)
json.decoder.JSONDecodeError: Expecting property name enclosed in double quotes: line 1 column 2 (char 1)
[2026-01-29T17:59:03.179+0000] {taskinstance.py:1138} INFO - Marking task as FAILED. dag_id=landing_to_trusted_events, task_id=process_ingestion, map_index=1, execution_date=20260129T175901, start_date=20260129T175902, end_date=20260129T175903
[2026-01-29T17:59:03.190+0000] {standard_task_runner.py:107} ERROR - Failed to execute job 35 for task process_ingestion (Expecting property name enclosed in double quotes: line 1 column 2 (char 1); 2089)
[2026-01-29T17:59:03.238+0000] {local_task_job_runner.py:234} INFO - Task exited with return code 1
[2026-01-29T17:59:03.259+0000] {taskinstance.py:3280} INFO - 0 downstream tasks scheduled from follow-on schedule check
