[2026-01-29T17:49:49.288+0000] {logging_mixin.py:188} INFO - Changing /opt/***/logs/dag_id=landing_to_trusted_events/run_id=manual__2026-01-29T17:49:47.657220+00:00/task_id=process_ingestion/map_index=1 permission to 509
[2026-01-29T17:49:49.289+0000] {logging_mixin.py:188} INFO - Failed to change /opt/***/logs/dag_id=landing_to_trusted_events/run_id=manual__2026-01-29T17:49:47.657220+00:00/task_id=process_ingestion/map_index=1 permission to 509: [Errno 1] Operation not permitted: '/opt/***/logs/dag_id=landing_to_trusted_events/run_id=manual__2026-01-29T17:49:47.657220+00:00/task_id=process_ingestion/map_index=1'
[2026-01-29T17:49:49.317+0000] {logging_mixin.py:188} INFO - Changing /opt/***/logs/dag_id=landing_to_trusted_events/run_id=manual__2026-01-29T17:49:47.657220+00:00/task_id=process_ingestion/map_index=1 permission to 509
[2026-01-29T17:49:49.317+0000] {logging_mixin.py:188} INFO - Failed to change /opt/***/logs/dag_id=landing_to_trusted_events/run_id=manual__2026-01-29T17:49:47.657220+00:00/task_id=process_ingestion/map_index=1 permission to 509: [Errno 1] Operation not permitted: '/opt/***/logs/dag_id=landing_to_trusted_events/run_id=manual__2026-01-29T17:49:47.657220+00:00/task_id=process_ingestion/map_index=1'
[2026-01-29T17:49:49.347+0000] {taskinstance.py:1956} INFO - Dependencies all met for dep_context=non-requeueable deps ti=<TaskInstance: landing_to_trusted_events.process_ingestion manual__2026-01-29T17:49:47.657220+00:00 map_index=1 [queued]>
[2026-01-29T17:49:49.357+0000] {taskinstance.py:1956} INFO - Dependencies all met for dep_context=requeueable deps ti=<TaskInstance: landing_to_trusted_events.process_ingestion manual__2026-01-29T17:49:47.657220+00:00 map_index=1 [queued]>
[2026-01-29T17:49:49.358+0000] {taskinstance.py:2170} INFO - Starting attempt 1 of 1
[2026-01-29T17:49:49.369+0000] {taskinstance.py:2191} INFO - Executing <Mapped(_PythonDecoratedOperator): process_ingestion> on 2026-01-29 17:49:47.657220+00:00
[2026-01-29T17:49:49.373+0000] {standard_task_runner.py:60} INFO - Started process 1803 to run task
[2026-01-29T17:49:49.377+0000] {standard_task_runner.py:87} INFO - Running: ['***', 'tasks', 'run', 'landing_to_trusted_events', 'process_ingestion', 'manual__2026-01-29T17:49:47.657220+00:00', '--job-id', '31', '--raw', '--subdir', 'DAGS_FOLDER/trusted_events_to_minio.py', '--cfg-path', '/tmp/tmpo_i5wkg0', '--map-index', '1']
[2026-01-29T17:49:49.381+0000] {standard_task_runner.py:88} INFO - Job 31: Subtask process_ingestion
[2026-01-29T17:49:49.429+0000] {logging_mixin.py:188} INFO - Changing /opt/***/logs/dag_id=landing_to_trusted_events/run_id=manual__2026-01-29T17:49:47.657220+00:00/task_id=process_ingestion/map_index=1 permission to 509
[2026-01-29T17:49:49.430+0000] {logging_mixin.py:188} INFO - Failed to change /opt/***/logs/dag_id=landing_to_trusted_events/run_id=manual__2026-01-29T17:49:47.657220+00:00/task_id=process_ingestion/map_index=1 permission to 509: [Errno 1] Operation not permitted: '/opt/***/logs/dag_id=landing_to_trusted_events/run_id=manual__2026-01-29T17:49:47.657220+00:00/task_id=process_ingestion/map_index=1'
[2026-01-29T17:49:49.432+0000] {task_command.py:423} INFO - Running <TaskInstance: landing_to_trusted_events.process_ingestion manual__2026-01-29T17:49:47.657220+00:00 map_index=1 [running]> on host 64beabb82122
[2026-01-29T17:49:49.552+0000] {taskinstance.py:2480} INFO - Exporting env vars: AIRFLOW_CTX_DAG_OWNER='***' AIRFLOW_CTX_DAG_ID='landing_to_trusted_events' AIRFLOW_CTX_TASK_ID='process_ingestion' AIRFLOW_CTX_EXECUTION_DATE='2026-01-29T17:49:47.657220+00:00' AIRFLOW_CTX_TRY_NUMBER='1' AIRFLOW_CTX_DAG_RUN_ID='manual__2026-01-29T17:49:47.657220+00:00'
[2026-01-29T17:49:49.658+0000] {logging_mixin.py:188} INFO - PAGE:  {'ResponseMetadata': {'RequestId': '188F44F3243AA6D5', 'HostId': 'dd9025bab4ad464b049177c95eb6ebf374d3b3fd1af9251148b658df7ac2e3e8', 'HTTPStatusCode': 200, 'HTTPHeaders': {'accept-ranges': 'bytes', 'content-length': '333', 'content-type': 'application/xml', 'server': 'MinIO', 'strict-transport-security': 'max-age=31536000; includeSubDomains', 'vary': 'Origin, Accept-Encoding', 'x-amz-id-2': 'dd9025bab4ad464b049177c95eb6ebf374d3b3fd1af9251148b658df7ac2e3e8', 'x-amz-request-id': '188F44F3243AA6D5', 'x-content-type-options': 'nosniff', 'x-xss-protection': '1; mode=block', 'date': 'Thu, 29 Jan 2026 17:49:49 GMT'}, 'RetryAttempts': 0}, 'IsTruncated': False, 'Name': 'landing', 'Prefix': 'raw_events/ingestion_id=a3d0fa94-60ef-41c9-86ab-1f010c2b929a/', 'MaxKeys': 1000, 'EncodingType': 'url', 'KeyCount': 0}
[2026-01-29T17:49:49.660+0000] {python.py:201} INFO - Done. Returned value was: None
[2026-01-29T17:49:49.896+0000] {taskinstance.py:1138} INFO - Marking task as SUCCESS. dag_id=landing_to_trusted_events, task_id=process_ingestion, map_index=1, execution_date=20260129T174947, start_date=20260129T174949, end_date=20260129T174949
[2026-01-29T17:49:49.956+0000] {local_task_job_runner.py:234} INFO - Task exited with return code 0
[2026-01-29T17:49:49.977+0000] {taskinstance.py:3280} INFO - 0 downstream tasks scheduled from follow-on schedule check
