[2026-01-29T17:48:27.172+0000] {logging_mixin.py:188} INFO - Changing /opt/***/logs/dag_id=landing_to_trusted_events/run_id=manual__2026-01-29T17:48:25.030019+00:00/task_id=process_ingestion/map_index=1 permission to 509
[2026-01-29T17:48:27.173+0000] {logging_mixin.py:188} INFO - Failed to change /opt/***/logs/dag_id=landing_to_trusted_events/run_id=manual__2026-01-29T17:48:25.030019+00:00/task_id=process_ingestion/map_index=1 permission to 509: [Errno 1] Operation not permitted: '/opt/***/logs/dag_id=landing_to_trusted_events/run_id=manual__2026-01-29T17:48:25.030019+00:00/task_id=process_ingestion/map_index=1'
[2026-01-29T17:48:27.202+0000] {logging_mixin.py:188} INFO - Changing /opt/***/logs/dag_id=landing_to_trusted_events/run_id=manual__2026-01-29T17:48:25.030019+00:00/task_id=process_ingestion/map_index=1 permission to 509
[2026-01-29T17:48:27.203+0000] {logging_mixin.py:188} INFO - Failed to change /opt/***/logs/dag_id=landing_to_trusted_events/run_id=manual__2026-01-29T17:48:25.030019+00:00/task_id=process_ingestion/map_index=1 permission to 509: [Errno 1] Operation not permitted: '/opt/***/logs/dag_id=landing_to_trusted_events/run_id=manual__2026-01-29T17:48:25.030019+00:00/task_id=process_ingestion/map_index=1'
[2026-01-29T17:48:27.236+0000] {taskinstance.py:1956} INFO - Dependencies all met for dep_context=non-requeueable deps ti=<TaskInstance: landing_to_trusted_events.process_ingestion manual__2026-01-29T17:48:25.030019+00:00 map_index=1 [queued]>
[2026-01-29T17:48:27.244+0000] {taskinstance.py:1956} INFO - Dependencies all met for dep_context=requeueable deps ti=<TaskInstance: landing_to_trusted_events.process_ingestion manual__2026-01-29T17:48:25.030019+00:00 map_index=1 [queued]>
[2026-01-29T17:48:27.245+0000] {taskinstance.py:2170} INFO - Starting attempt 1 of 1
[2026-01-29T17:48:27.259+0000] {taskinstance.py:2191} INFO - Executing <Mapped(_PythonDecoratedOperator): process_ingestion> on 2026-01-29 17:48:25.030019+00:00
[2026-01-29T17:48:27.264+0000] {standard_task_runner.py:60} INFO - Started process 1747 to run task
[2026-01-29T17:48:27.269+0000] {standard_task_runner.py:87} INFO - Running: ['***', 'tasks', 'run', 'landing_to_trusted_events', 'process_ingestion', 'manual__2026-01-29T17:48:25.030019+00:00', '--job-id', '29', '--raw', '--subdir', 'DAGS_FOLDER/trusted_events_to_minio.py', '--cfg-path', '/tmp/tmpamuvlkq7', '--map-index', '1']
[2026-01-29T17:48:27.272+0000] {standard_task_runner.py:88} INFO - Job 29: Subtask process_ingestion
[2026-01-29T17:48:27.330+0000] {logging_mixin.py:188} INFO - Changing /opt/***/logs/dag_id=landing_to_trusted_events/run_id=manual__2026-01-29T17:48:25.030019+00:00/task_id=process_ingestion/map_index=1 permission to 509
[2026-01-29T17:48:27.331+0000] {logging_mixin.py:188} INFO - Failed to change /opt/***/logs/dag_id=landing_to_trusted_events/run_id=manual__2026-01-29T17:48:25.030019+00:00/task_id=process_ingestion/map_index=1 permission to 509: [Errno 1] Operation not permitted: '/opt/***/logs/dag_id=landing_to_trusted_events/run_id=manual__2026-01-29T17:48:25.030019+00:00/task_id=process_ingestion/map_index=1'
[2026-01-29T17:48:27.333+0000] {task_command.py:423} INFO - Running <TaskInstance: landing_to_trusted_events.process_ingestion manual__2026-01-29T17:48:25.030019+00:00 map_index=1 [running]> on host 64beabb82122
[2026-01-29T17:48:27.429+0000] {taskinstance.py:2480} INFO - Exporting env vars: AIRFLOW_CTX_DAG_OWNER='***' AIRFLOW_CTX_DAG_ID='landing_to_trusted_events' AIRFLOW_CTX_TASK_ID='process_ingestion' AIRFLOW_CTX_EXECUTION_DATE='2026-01-29T17:48:25.030019+00:00' AIRFLOW_CTX_TRY_NUMBER='1' AIRFLOW_CTX_DAG_RUN_ID='manual__2026-01-29T17:48:25.030019+00:00'
[2026-01-29T17:48:27.536+0000] {logging_mixin.py:188} INFO - ingestion_id:  a3d0fa94-60ef-41c9-86ab-1f010c2b929a
[2026-01-29T17:48:27.548+0000] {python.py:201} INFO - Done. Returned value was: None
[2026-01-29T17:48:27.725+0000] {taskinstance.py:1138} INFO - Marking task as SUCCESS. dag_id=landing_to_trusted_events, task_id=process_ingestion, map_index=1, execution_date=20260129T174825, start_date=20260129T174827, end_date=20260129T174827
[2026-01-29T17:48:27.762+0000] {local_task_job_runner.py:234} INFO - Task exited with return code 0
[2026-01-29T17:48:27.778+0000] {taskinstance.py:3280} INFO - 0 downstream tasks scheduled from follow-on schedule check
