[2026-01-28T20:44:39.579+0000] {logging_mixin.py:188} INFO - Changing /opt/***/logs/dag_id=ingest_postgres_to_minio_landing/run_id=manual__2026-01-28T20:44:38.476650+00:00/task_id=extract_postgres_to_minio permission to 509
[2026-01-28T20:44:39.579+0000] {logging_mixin.py:188} INFO - Failed to change /opt/***/logs/dag_id=ingest_postgres_to_minio_landing/run_id=manual__2026-01-28T20:44:38.476650+00:00/task_id=extract_postgres_to_minio permission to 509: [Errno 1] Operation not permitted: '/opt/***/logs/dag_id=ingest_postgres_to_minio_landing/run_id=manual__2026-01-28T20:44:38.476650+00:00/task_id=extract_postgres_to_minio'
[2026-01-28T20:44:39.602+0000] {logging_mixin.py:188} INFO - Changing /opt/***/logs/dag_id=ingest_postgres_to_minio_landing/run_id=manual__2026-01-28T20:44:38.476650+00:00/task_id=extract_postgres_to_minio permission to 509
[2026-01-28T20:44:39.603+0000] {logging_mixin.py:188} INFO - Failed to change /opt/***/logs/dag_id=ingest_postgres_to_minio_landing/run_id=manual__2026-01-28T20:44:38.476650+00:00/task_id=extract_postgres_to_minio permission to 509: [Errno 1] Operation not permitted: '/opt/***/logs/dag_id=ingest_postgres_to_minio_landing/run_id=manual__2026-01-28T20:44:38.476650+00:00/task_id=extract_postgres_to_minio'
[2026-01-28T20:44:39.642+0000] {taskinstance.py:1956} INFO - Dependencies all met for dep_context=non-requeueable deps ti=<TaskInstance: ingest_postgres_to_minio_landing.extract_postgres_to_minio manual__2026-01-28T20:44:38.476650+00:00 [queued]>
[2026-01-28T20:44:39.652+0000] {taskinstance.py:1956} INFO - Dependencies all met for dep_context=requeueable deps ti=<TaskInstance: ingest_postgres_to_minio_landing.extract_postgres_to_minio manual__2026-01-28T20:44:38.476650+00:00 [queued]>
[2026-01-28T20:44:39.653+0000] {taskinstance.py:2170} INFO - Starting attempt 1 of 1
[2026-01-28T20:44:39.667+0000] {taskinstance.py:2191} INFO - Executing <Task(PythonOperator): extract_postgres_to_minio> on 2026-01-28 20:44:38.476650+00:00
[2026-01-28T20:44:39.671+0000] {standard_task_runner.py:60} INFO - Started process 346 to run task
[2026-01-28T20:44:39.676+0000] {standard_task_runner.py:87} INFO - Running: ['***', 'tasks', 'run', 'ingest_postgres_to_minio_landing', 'extract_postgres_to_minio', 'manual__2026-01-28T20:44:38.476650+00:00', '--job-id', '10', '--raw', '--subdir', 'DAGS_FOLDER/ingest_postgres_to_minio.py', '--cfg-path', '/tmp/tmpmqnq7bt_']
[2026-01-28T20:44:39.679+0000] {standard_task_runner.py:88} INFO - Job 10: Subtask extract_postgres_to_minio
[2026-01-28T20:44:39.728+0000] {logging_mixin.py:188} INFO - Changing /opt/***/logs/dag_id=ingest_postgres_to_minio_landing/run_id=manual__2026-01-28T20:44:38.476650+00:00/task_id=extract_postgres_to_minio permission to 509
[2026-01-28T20:44:39.729+0000] {logging_mixin.py:188} INFO - Failed to change /opt/***/logs/dag_id=ingest_postgres_to_minio_landing/run_id=manual__2026-01-28T20:44:38.476650+00:00/task_id=extract_postgres_to_minio permission to 509: [Errno 1] Operation not permitted: '/opt/***/logs/dag_id=ingest_postgres_to_minio_landing/run_id=manual__2026-01-28T20:44:38.476650+00:00/task_id=extract_postgres_to_minio'
[2026-01-28T20:44:39.731+0000] {task_command.py:423} INFO - Running <TaskInstance: ingest_postgres_to_minio_landing.extract_postgres_to_minio manual__2026-01-28T20:44:38.476650+00:00 [running]> on host 64beabb82122
[2026-01-28T20:44:39.811+0000] {taskinstance.py:2480} INFO - Exporting env vars: AIRFLOW_CTX_DAG_OWNER='***' AIRFLOW_CTX_DAG_ID='ingest_postgres_to_minio_landing' AIRFLOW_CTX_TASK_ID='extract_postgres_to_minio' AIRFLOW_CTX_EXECUTION_DATE='2026-01-28T20:44:38.476650+00:00' AIRFLOW_CTX_TRY_NUMBER='1' AIRFLOW_CTX_DAG_RUN_ID='manual__2026-01-28T20:44:38.476650+00:00'
[2026-01-28T20:44:39.963+0000] {logging_mixin.py:188} INFO - Nows rows to be processed.
[2026-01-28T20:44:39.965+0000] {python.py:201} INFO - Done. Returned value was: None
[2026-01-28T20:44:39.975+0000] {taskinstance.py:1138} INFO - Marking task as SUCCESS. dag_id=ingest_postgres_to_minio_landing, task_id=extract_postgres_to_minio, execution_date=20260128T204438, start_date=20260128T204439, end_date=20260128T204439
[2026-01-28T20:44:40.014+0000] {local_task_job_runner.py:234} INFO - Task exited with return code 0
[2026-01-28T20:44:40.028+0000] {taskinstance.py:3280} INFO - 0 downstream tasks scheduled from follow-on schedule check
