[2026-01-28T20:39:15.747+0000] {logging_mixin.py:188} INFO - Changing /opt/***/logs/dag_id=ingest_postgres_to_minio_landing/run_id=manual__2026-01-28T20:39:14.493285+00:00/task_id=extract_postgres_to_minio permission to 509
[2026-01-28T20:39:15.747+0000] {logging_mixin.py:188} INFO - Failed to change /opt/***/logs/dag_id=ingest_postgres_to_minio_landing/run_id=manual__2026-01-28T20:39:14.493285+00:00/task_id=extract_postgres_to_minio permission to 509: [Errno 1] Operation not permitted: '/opt/***/logs/dag_id=ingest_postgres_to_minio_landing/run_id=manual__2026-01-28T20:39:14.493285+00:00/task_id=extract_postgres_to_minio'
[2026-01-28T20:39:15.773+0000] {logging_mixin.py:188} INFO - Changing /opt/***/logs/dag_id=ingest_postgres_to_minio_landing/run_id=manual__2026-01-28T20:39:14.493285+00:00/task_id=extract_postgres_to_minio permission to 509
[2026-01-28T20:39:15.773+0000] {logging_mixin.py:188} INFO - Failed to change /opt/***/logs/dag_id=ingest_postgres_to_minio_landing/run_id=manual__2026-01-28T20:39:14.493285+00:00/task_id=extract_postgres_to_minio permission to 509: [Errno 1] Operation not permitted: '/opt/***/logs/dag_id=ingest_postgres_to_minio_landing/run_id=manual__2026-01-28T20:39:14.493285+00:00/task_id=extract_postgres_to_minio'
[2026-01-28T20:39:15.811+0000] {taskinstance.py:1956} INFO - Dependencies all met for dep_context=non-requeueable deps ti=<TaskInstance: ingest_postgres_to_minio_landing.extract_postgres_to_minio manual__2026-01-28T20:39:14.493285+00:00 [queued]>
[2026-01-28T20:39:15.819+0000] {taskinstance.py:1956} INFO - Dependencies all met for dep_context=requeueable deps ti=<TaskInstance: ingest_postgres_to_minio_landing.extract_postgres_to_minio manual__2026-01-28T20:39:14.493285+00:00 [queued]>
[2026-01-28T20:39:15.820+0000] {taskinstance.py:2170} INFO - Starting attempt 1 of 1
[2026-01-28T20:39:15.832+0000] {taskinstance.py:2191} INFO - Executing <Task(PythonOperator): extract_postgres_to_minio> on 2026-01-28 20:39:14.493285+00:00
[2026-01-28T20:39:15.837+0000] {standard_task_runner.py:60} INFO - Started process 222 to run task
[2026-01-28T20:39:15.840+0000] {standard_task_runner.py:87} INFO - Running: ['***', 'tasks', 'run', 'ingest_postgres_to_minio_landing', 'extract_postgres_to_minio', 'manual__2026-01-28T20:39:14.493285+00:00', '--job-id', '8', '--raw', '--subdir', 'DAGS_FOLDER/ingest_postgres_to_minio.py', '--cfg-path', '/tmp/tmpw_7hspd4']
[2026-01-28T20:39:15.844+0000] {standard_task_runner.py:88} INFO - Job 8: Subtask extract_postgres_to_minio
[2026-01-28T20:39:15.894+0000] {logging_mixin.py:188} INFO - Changing /opt/***/logs/dag_id=ingest_postgres_to_minio_landing/run_id=manual__2026-01-28T20:39:14.493285+00:00/task_id=extract_postgres_to_minio permission to 509
[2026-01-28T20:39:15.894+0000] {logging_mixin.py:188} INFO - Failed to change /opt/***/logs/dag_id=ingest_postgres_to_minio_landing/run_id=manual__2026-01-28T20:39:14.493285+00:00/task_id=extract_postgres_to_minio permission to 509: [Errno 1] Operation not permitted: '/opt/***/logs/dag_id=ingest_postgres_to_minio_landing/run_id=manual__2026-01-28T20:39:14.493285+00:00/task_id=extract_postgres_to_minio'
[2026-01-28T20:39:15.896+0000] {task_command.py:423} INFO - Running <TaskInstance: ingest_postgres_to_minio_landing.extract_postgres_to_minio manual__2026-01-28T20:39:14.493285+00:00 [running]> on host 64beabb82122
[2026-01-28T20:39:16.002+0000] {taskinstance.py:2480} INFO - Exporting env vars: AIRFLOW_CTX_DAG_OWNER='***' AIRFLOW_CTX_DAG_ID='ingest_postgres_to_minio_landing' AIRFLOW_CTX_TASK_ID='extract_postgres_to_minio' AIRFLOW_CTX_EXECUTION_DATE='2026-01-28T20:39:14.493285+00:00' AIRFLOW_CTX_TRY_NUMBER='1' AIRFLOW_CTX_DAG_RUN_ID='manual__2026-01-28T20:39:14.493285+00:00'
[2026-01-28T20:39:16.019+0000] {taskinstance.py:2698} ERROR - Task failed with exception
Traceback (most recent call last):
  File "/home/airflow/.local/lib/python3.10/site-packages/airflow/models/taskinstance.py", line 433, in _execute_task
    result = execute_callable(context=context, **execute_callable_kwargs)
  File "/home/airflow/.local/lib/python3.10/site-packages/airflow/operators/python.py", line 199, in execute
    return_value = self.execute_callable()
  File "/home/airflow/.local/lib/python3.10/site-packages/airflow/operators/python.py", line 216, in execute_callable
    return self.python_callable(*self.op_args, **self.op_kwargs)
  File "/opt/airflow/dags/ingest_postgres_to_minio.py", line 66, in extract_and_load
    s3 = boto3.client(
  File "/home/airflow/.local/lib/python3.10/site-packages/boto3/__init__.py", line 92, in client
    return _get_default_session().client(*args, **kwargs)
TypeError: Session.client() got an unexpected keyword argument 'aws_secret_acess_key'
[2026-01-28T20:39:16.031+0000] {taskinstance.py:1138} INFO - Marking task as FAILED. dag_id=ingest_postgres_to_minio_landing, task_id=extract_postgres_to_minio, execution_date=20260128T203914, start_date=20260128T203915, end_date=20260128T203916
[2026-01-28T20:39:16.040+0000] {standard_task_runner.py:107} ERROR - Failed to execute job 8 for task extract_postgres_to_minio (Session.client() got an unexpected keyword argument 'aws_secret_acess_key'; 222)
[2026-01-28T20:39:16.057+0000] {local_task_job_runner.py:234} INFO - Task exited with return code 1
[2026-01-28T20:39:16.072+0000] {taskinstance.py:3280} INFO - 0 downstream tasks scheduled from follow-on schedule check
