[2026-01-29T19:07:17.072+0000] {logging_mixin.py:188} INFO - Changing /opt/***/logs/dag_id=landing_to_trusted_events/run_id=manual__2026-01-29T19:07:15.085007+00:00/task_id=process_ingestion/map_index=0 permission to 509
[2026-01-29T19:07:17.073+0000] {logging_mixin.py:188} INFO - Failed to change /opt/***/logs/dag_id=landing_to_trusted_events/run_id=manual__2026-01-29T19:07:15.085007+00:00/task_id=process_ingestion/map_index=0 permission to 509: [Errno 1] Operation not permitted: '/opt/***/logs/dag_id=landing_to_trusted_events/run_id=manual__2026-01-29T19:07:15.085007+00:00/task_id=process_ingestion/map_index=0'
[2026-01-29T19:07:17.102+0000] {logging_mixin.py:188} INFO - Changing /opt/***/logs/dag_id=landing_to_trusted_events/run_id=manual__2026-01-29T19:07:15.085007+00:00/task_id=process_ingestion/map_index=0 permission to 509
[2026-01-29T19:07:17.103+0000] {logging_mixin.py:188} INFO - Failed to change /opt/***/logs/dag_id=landing_to_trusted_events/run_id=manual__2026-01-29T19:07:15.085007+00:00/task_id=process_ingestion/map_index=0 permission to 509: [Errno 1] Operation not permitted: '/opt/***/logs/dag_id=landing_to_trusted_events/run_id=manual__2026-01-29T19:07:15.085007+00:00/task_id=process_ingestion/map_index=0'
[2026-01-29T19:07:17.141+0000] {taskinstance.py:1956} INFO - Dependencies all met for dep_context=non-requeueable deps ti=<TaskInstance: landing_to_trusted_events.process_ingestion manual__2026-01-29T19:07:15.085007+00:00 map_index=0 [queued]>
[2026-01-29T19:07:17.150+0000] {taskinstance.py:1956} INFO - Dependencies all met for dep_context=requeueable deps ti=<TaskInstance: landing_to_trusted_events.process_ingestion manual__2026-01-29T19:07:15.085007+00:00 map_index=0 [queued]>
[2026-01-29T19:07:17.151+0000] {taskinstance.py:2170} INFO - Starting attempt 1 of 1
[2026-01-29T19:07:17.164+0000] {taskinstance.py:2191} INFO - Executing <Mapped(_PythonDecoratedOperator): process_ingestion> on 2026-01-29 19:07:15.085007+00:00
[2026-01-29T19:07:17.170+0000] {standard_task_runner.py:60} INFO - Started process 2043 to run task
[2026-01-29T19:07:17.174+0000] {standard_task_runner.py:87} INFO - Running: ['***', 'tasks', 'run', 'landing_to_trusted_events', 'process_ingestion', 'manual__2026-01-29T19:07:15.085007+00:00', '--job-id', '62', '--raw', '--subdir', 'DAGS_FOLDER/trusted_events_to_minio.py', '--cfg-path', '/tmp/tmp2djub032', '--map-index', '0']
[2026-01-29T19:07:17.179+0000] {standard_task_runner.py:88} INFO - Job 62: Subtask process_ingestion
[2026-01-29T19:07:17.231+0000] {logging_mixin.py:188} INFO - Changing /opt/***/logs/dag_id=landing_to_trusted_events/run_id=manual__2026-01-29T19:07:15.085007+00:00/task_id=process_ingestion/map_index=0 permission to 509
[2026-01-29T19:07:17.232+0000] {logging_mixin.py:188} INFO - Failed to change /opt/***/logs/dag_id=landing_to_trusted_events/run_id=manual__2026-01-29T19:07:15.085007+00:00/task_id=process_ingestion/map_index=0 permission to 509: [Errno 1] Operation not permitted: '/opt/***/logs/dag_id=landing_to_trusted_events/run_id=manual__2026-01-29T19:07:15.085007+00:00/task_id=process_ingestion/map_index=0'
[2026-01-29T19:07:17.234+0000] {task_command.py:423} INFO - Running <TaskInstance: landing_to_trusted_events.process_ingestion manual__2026-01-29T19:07:15.085007+00:00 map_index=0 [running]> on host 6b868b37e684
[2026-01-29T19:07:17.319+0000] {taskinstance.py:2480} INFO - Exporting env vars: AIRFLOW_CTX_DAG_OWNER='***' AIRFLOW_CTX_DAG_ID='landing_to_trusted_events' AIRFLOW_CTX_TASK_ID='process_ingestion' AIRFLOW_CTX_EXECUTION_DATE='2026-01-29T19:07:15.085007+00:00' AIRFLOW_CTX_TRY_NUMBER='1' AIRFLOW_CTX_DAG_RUN_ID='manual__2026-01-29T19:07:15.085007+00:00'
[2026-01-29T19:07:17.325+0000] {logging_mixin.py:188} INFO - Ingestion 7d86788b-e603-4d98-a171-318ee4a722ae already SUCCESS. Skipping.
[2026-01-29T19:07:17.326+0000] {python.py:201} INFO - Done. Returned value was: None
[2026-01-29T19:07:17.334+0000] {taskinstance.py:1138} INFO - Marking task as SUCCESS. dag_id=landing_to_trusted_events, task_id=process_ingestion, map_index=0, execution_date=20260129T190715, start_date=20260129T190717, end_date=20260129T190717
[2026-01-29T19:07:17.387+0000] {local_task_job_runner.py:234} INFO - Task exited with return code 0
[2026-01-29T19:07:17.415+0000] {taskinstance.py:3280} INFO - 0 downstream tasks scheduled from follow-on schedule check
